<?xml version="1.0" encoding="UTF-8"?>
<testsuite xmlns:xsi="http://www.w3.org/2001/XMLSchema-instance" xsi:noNamespaceSchemaLocation="https://maven.apache.org/surefire/maven-surefire-plugin/xsd/surefire-test-report-3.0.xsd" version="3.0" name="RuleBookTest" time="0.008" tests="3" errors="0" skipped="0" failures="0">
  <properties>
    <property name="java.specification.version" value="15"/>
    <property name="sun.cpu.isalist" value="amd64"/>
    <property name="sun.jnu.encoding" value="Cp1252"/>
    <property name="java.class.path" value="C:\Users\arekn\Desktop\Expert\target\test-classes;C:\Users\arekn\Desktop\Expert\target\classes;C:\Users\arekn\.m2\repository\com\deliveredtechnologies\rulebook-core\0.12\rulebook-core-0.12.jar;C:\Users\arekn\.m2\repository\org\reflections\reflections\0.9.9\reflections-0.9.9.jar;C:\Users\arekn\.m2\repository\com\google\guava\guava\15.0\guava-15.0.jar;C:\Users\arekn\.m2\repository\org\javassist\javassist\3.18.2-GA\javassist-3.18.2-GA.jar;C:\Users\arekn\.m2\repository\com\google\code\findbugs\annotations\2.0.1\annotations-2.0.1.jar;C:\Users\arekn\.m2\repository\org\slf4j\slf4j-api\1.7.36\slf4j-api-1.7.36.jar;C:\Users\arekn\.m2\repository\org\slf4j\slf4j-jdk14\1.7.36\slf4j-jdk14-1.7.36.jar;C:\Users\arekn\.m2\repository\junit\junit\4.13.2\junit-4.13.2.jar;C:\Users\arekn\.m2\repository\org\hamcrest\hamcrest-core\1.3\hamcrest-core-1.3.jar;"/>
    <property name="java.vm.vendor" value="Oracle Corporation"/>
    <property name="sun.arch.data.model" value="64"/>
    <property name="user.variant" value=""/>
    <property name="java.vendor.url" value="https://java.oracle.com/"/>
    <property name="user.timezone" value="Europe/London"/>
    <property name="os.name" value="Windows 10"/>
    <property name="java.vm.specification.version" value="15"/>
    <property name="sun.java.launcher" value="SUN_STANDARD"/>
    <property name="user.country" value="GB"/>
    <property name="sun.boot.library.path" value="C:\Program Files\Java\jdk-15.0.1\bin"/>
    <property name="sun.java.command" value="C:\Users\arekn\AppData\Local\Temp\surefire9580218104325385580\surefirebooter2883595577124889055.jar C:\Users\arekn\AppData\Local\Temp\surefire9580218104325385580 2022-05-05T20-11-38_230-jvmRun1 surefire16904919678870235138tmp surefire_010177304364524857450tmp"/>
    <property name="jdk.debug" value="release"/>
    <property name="surefire.test.class.path" value="C:\Users\arekn\Desktop\Expert\target\test-classes;C:\Users\arekn\Desktop\Expert\target\classes;C:\Users\arekn\.m2\repository\com\deliveredtechnologies\rulebook-core\0.12\rulebook-core-0.12.jar;C:\Users\arekn\.m2\repository\org\reflections\reflections\0.9.9\reflections-0.9.9.jar;C:\Users\arekn\.m2\repository\com\google\guava\guava\15.0\guava-15.0.jar;C:\Users\arekn\.m2\repository\org\javassist\javassist\3.18.2-GA\javassist-3.18.2-GA.jar;C:\Users\arekn\.m2\repository\com\google\code\findbugs\annotations\2.0.1\annotations-2.0.1.jar;C:\Users\arekn\.m2\repository\org\slf4j\slf4j-api\1.7.36\slf4j-api-1.7.36.jar;C:\Users\arekn\.m2\repository\org\slf4j\slf4j-jdk14\1.7.36\slf4j-jdk14-1.7.36.jar;C:\Users\arekn\.m2\repository\junit\junit\4.13.2\junit-4.13.2.jar;C:\Users\arekn\.m2\repository\org\hamcrest\hamcrest-core\1.3\hamcrest-core-1.3.jar;"/>
    <property name="sun.cpu.endian" value="little"/>
    <property name="user.home" value="C:\Users\arekn"/>
    <property name="user.language" value="en"/>
    <property name="java.specification.vendor" value="Oracle Corporation"/>
    <property name="java.version.date" value="2020-10-20"/>
    <property name="java.home" value="C:\Program Files\Java\jdk-15.0.1"/>
    <property name="file.separator" value="\"/>
    <property name="basedir" value="C:\Users\arekn\Desktop\Expert"/>
    <property name="java.vm.compressedOopsMode" value="Zero based"/>
    <property name="line.separator" value="&#10;"/>
    <property name="java.vm.specification.vendor" value="Oracle Corporation"/>
    <property name="java.specification.name" value="Java Platform API Specification"/>
    <property name="surefire.real.class.path" value="C:\Users\arekn\AppData\Local\Temp\surefire9580218104325385580\surefirebooter2883595577124889055.jar"/>
    <property name="user.script" value=""/>
    <property name="sun.management.compiler" value="HotSpot 64-Bit Tiered Compilers"/>
    <property name="java.runtime.version" value="15.0.1+9-18"/>
    <property name="user.name" value="arekn"/>
    <property name="path.separator" value=";"/>
    <property name="os.version" value="10.0"/>
    <property name="java.runtime.name" value="Java(TM) SE Runtime Environment"/>
    <property name="file.encoding" value="Cp1252"/>
    <property name="java.vm.name" value="Java HotSpot(TM) 64-Bit Server VM"/>
    <property name="localRepository" value="C:\Users\arekn\.m2\repository"/>
    <property name="java.vendor.url.bug" value="https://bugreport.java.com/bugreport/"/>
    <property name="java.io.tmpdir" value="C:\Users\arekn\AppData\Local\Temp\"/>
    <property name="java.version" value="15.0.1"/>
    <property name="user.dir" value="C:\Users\arekn\Desktop\Expert"/>
    <property name="os.arch" value="amd64"/>
    <property name="java.vm.specification.name" value="Java Virtual Machine Specification"/>
    <property name="sun.os.patch.level" value=""/>
    <property name="java.library.path" value="C:\Program Files\Java\jdk-15.0.1\bin;C:\WINDOWS\Sun\Java\bin;C:\WINDOWS\system32;C:\WINDOWS;C:\Program Files\Common Files\Oracle\Java\javapath;C:\Program Files (x86)\Common Files\Oracle\Java\javapath;C:\Program Files (x86)\Intel\Intel(R) Management Engine Components\iCLS\;C:\Program Files\Intel\Intel(R) Management Engine Components\iCLS\;C:\Windows\system32;C:\Windows;C:\Windows\System32\Wbem;C:\Windows\System32\WindowsPowerShell\v1.0\;C:\Windows\System32\OpenSSH\;C:\Program Files (x86)\Intel\Intel(R) Management Engine Components\DAL;C:\Program Files\Intel\Intel(R) Management Engine Components\DAL;C:\Program Files (x86)\Intel\Intel(R) Management Engine Components\IPT;C:\Program Files\Intel\Intel(R) Management Engine Components\IPT;C:\Program Files (x86)\NVIDIA Corporation\PhysX\Common;C:\WINDOWS\system32;C:\WINDOWS;C:\WINDOWS\System32\Wbem;C:\WINDOWS\System32\WindowsPowerShell\v1.0\;C:\WINDOWS\System32\OpenSSH\;D:\Programy\node\;D:\Programy\brackets\command;C:\Users\Default\Desktop\Git\cmd;C:\Program Files\Java\jdk-15.0.1\bin;C:\Program Files\Pandoc\;C:\Users\arekn\AppData\Local\Programs\MiKTeX\miktex\bin\x64;C:\Program Files\apache-maven-3.8.5\bin;D:\Programy\Anaconda3;D:\Programy\Anaconda3\Library\mingw-w64\bin;D:\Programy\Anaconda3\Library\usr\bin;D:\Programy\Anaconda3\Library\bin;D:\Programy\Anaconda3\Scripts;D:\Programy\Scripts\;D:\Programy\;C:\Users\arekn\AppData\Local\Microsoft\WindowsApps;D:\Programy\Python;D:\Programy\Python\Scripits\;C:\Users\arekn\AppData\Roaming\npm;C:\Users\arekn\AppData\Local\Programs\MiKTeX\miktex\bin\x64\;slf4j-log4j12.jar;C:\Users\arekn\AppData\Local\Programs\Microsoft VS Code\bin;C:\Program Files\apache-maven-3.8.5\bin;;."/>
    <property name="java.vm.info" value="mixed mode, sharing"/>
    <property name="java.vendor" value="Oracle Corporation"/>
    <property name="java.vm.version" value="15.0.1+9-18"/>
    <property name="sun.io.unicode.encoding" value="UnicodeLittle"/>
    <property name="java.class.version" value="59.0"/>
  </properties>
  <testcase name="testGetFivePointsForAnswer" classname="RuleBookTest" time="0.005"/>
  <testcase name="testGetMultiplePointsWithWrongAnswersBetween" classname="RuleBookTest" time="0.001"/>
  <testcase name="testGetMultiplePointsForAnswers" classname="RuleBookTest" time="0.001"/>
</testsuite>